0 Epoch train Loss: 0.0403 Acc: 0.5697
0 Epoch val Loss: 0.0348 Acc: 0.6257
1 Epoch train Loss: 0.0398 Acc: 0.5665
1 Epoch val Loss: 0.0351 Acc: 0.6257
2 Epoch train Loss: 0.0399 Acc: 0.5750
2 Epoch val Loss: 0.0349 Acc: 0.6257
3 Epoch train Loss: 0.0398 Acc: 0.5697
3 Epoch val Loss: 0.0349 Acc: 0.6257
4 Epoch train Loss: 0.0399 Acc: 0.5699
4 Epoch val Loss: 0.0351 Acc: 0.6257
5 Epoch train Loss: 0.0401 Acc: 0.5671
5 Epoch val Loss: 0.0350 Acc: 0.6257
6 Epoch train Loss: 0.0398 Acc: 0.5718
6 Epoch val Loss: 0.0349 Acc: 0.6257
7 Epoch train Loss: 0.0403 Acc: 0.5671
7 Epoch val Loss: 0.0350 Acc: 0.6257
8 Epoch train Loss: 0.0401 Acc: 0.5651
8 Epoch val Loss: 0.0349 Acc: 0.6257
9 Epoch train Loss: 0.0401 Acc: 0.5616
9 Epoch val Loss: 0.0350 Acc: 0.6257
10 Epoch train Loss: 0.0403 Acc: 0.5638
10 Epoch val Loss: 0.0350 Acc: 0.6257
11 Epoch train Loss: 0.0401 Acc: 0.5652
11 Epoch val Loss: 0.0351 Acc: 0.6257
Epoch    11: reducing learning rate of group 0 to 9.0000e-05.
12 Epoch train Loss: 0.0405 Acc: 0.5644
12 Epoch val Loss: 0.0349 Acc: 0.6257
13 Epoch train Loss: 0.0404 Acc: 0.5647
13 Epoch val Loss: 0.0350 Acc: 0.6257
14 Epoch train Loss: 0.0397 Acc: 0.5750
14 Epoch val Loss: 0.0350 Acc: 0.6257
15 Epoch train Loss: 0.0401 Acc: 0.5703
15 Epoch val Loss: 0.0351 Acc: 0.6257
16 Epoch train Loss: 0.0399 Acc: 0.5630
16 Epoch val Loss: 0.0350 Acc: 0.6257
17 Epoch train Loss: 0.0400 Acc: 0.5695
17 Epoch val Loss: 0.0350 Acc: 0.6257
18 Epoch train Loss: 0.0403 Acc: 0.5675
18 Epoch val Loss: 0.0349 Acc: 0.6257
19 Epoch train Loss: 0.0404 Acc: 0.5675
19 Epoch val Loss: 0.0350 Acc: 0.6257
20 Epoch train Loss: 0.0403 Acc: 0.5640
20 Epoch val Loss: 0.0351 Acc: 0.6257
21 Epoch train Loss: 0.0401 Acc: 0.5674
21 Epoch val Loss: 0.0350 Acc: 0.6257
22 Epoch train Loss: 0.0406 Acc: 0.5679
22 Epoch val Loss: 0.0350 Acc: 0.6257
Epoch    22: reducing learning rate of group 0 to 2.7000e-05.
23 Epoch train Loss: 0.0398 Acc: 0.5710
23 Epoch val Loss: 0.0349 Acc: 0.6257
24 Epoch train Loss: 0.0397 Acc: 0.5731
24 Epoch val Loss: 0.0350 Acc: 0.6257
25 Epoch train Loss: 0.0398 Acc: 0.5750
25 Epoch val Loss: 0.0351 Acc: 0.6257
26 Epoch train Loss: 0.0403 Acc: 0.5678
26 Epoch val Loss: 0.0351 Acc: 0.6257
27 Epoch train Loss: 0.0403 Acc: 0.5706
27 Epoch val Loss: 0.0351 Acc: 0.6257
28 Epoch train Loss: 0.0399 Acc: 0.5716
28 Epoch val Loss: 0.0352 Acc: 0.6257
29 Epoch train Loss: 0.0399 Acc: 0.5707
29 Epoch val Loss: 0.0350 Acc: 0.6257
30 Epoch train Loss: 0.0404 Acc: 0.5712
30 Epoch val Loss: 0.0349 Acc: 0.6257
31 Epoch train Loss: 0.0403 Acc: 0.5683
31 Epoch val Loss: 0.0349 Acc: 0.6257
32 Epoch train Loss: 0.0402 Acc: 0.5641
32 Epoch val Loss: 0.0352 Acc: 0.6257
33 Epoch train Loss: 0.0400 Acc: 0.5657
33 Epoch val Loss: 0.0349 Acc: 0.6257
Epoch    33: reducing learning rate of group 0 to 8.1000e-06.
34 Epoch train Loss: 0.0401 Acc: 0.5704
34 Epoch val Loss: 0.0351 Acc: 0.6257
35 Epoch train Loss: 0.0402 Acc: 0.5628
35 Epoch val Loss: 0.0350 Acc: 0.6257
36 Epoch train Loss: 0.0400 Acc: 0.5736
36 Epoch val Loss: 0.0350 Acc: 0.6257
37 Epoch train Loss: 0.0401 Acc: 0.5668
37 Epoch val Loss: 0.0349 Acc: 0.6257
38 Epoch train Loss: 0.0402 Acc: 0.5643
38 Epoch val Loss: 0.0350 Acc: 0.6257
39 Epoch train Loss: 0.0401 Acc: 0.5684
39 Epoch val Loss: 0.0351 Acc: 0.6257
40 Epoch train Loss: 0.0397 Acc: 0.5707
40 Epoch val Loss: 0.0350 Acc: 0.6257
41 Epoch train Loss: 0.0403 Acc: 0.5578
41 Epoch val Loss: 0.0348 Acc: 0.6257
42 Epoch train Loss: 0.0405 Acc: 0.5637
42 Epoch val Loss: 0.0350 Acc: 0.6257
43 Epoch train Loss: 0.0403 Acc: 0.5717
43 Epoch val Loss: 0.0351 Acc: 0.6257
44 Epoch train Loss: 0.0398 Acc: 0.5686
44 Epoch val Loss: 0.0350 Acc: 0.6257
Epoch    44: reducing learning rate of group 0 to 2.4300e-06.
45 Epoch train Loss: 0.0402 Acc: 0.5679
45 Epoch val Loss: 0.0349 Acc: 0.6257
46 Epoch train Loss: 0.0398 Acc: 0.5693
46 Epoch val Loss: 0.0349 Acc: 0.6257
47 Epoch train Loss: 0.0402 Acc: 0.5611
47 Epoch val Loss: 0.0350 Acc: 0.6257
48 Epoch train Loss: 0.0397 Acc: 0.5767
48 Epoch val Loss: 0.0350 Acc: 0.6257
49 Epoch train Loss: 0.0400 Acc: 0.5747
49 Epoch val Loss: 0.0351 Acc: 0.6257
50 Epoch train Loss: 0.0400 Acc: 0.5723
50 Epoch val Loss: 0.0350 Acc: 0.6257
51 Epoch train Loss: 0.0404 Acc: 0.5665
51 Epoch val Loss: 0.0349 Acc: 0.6257
52 Epoch train Loss: 0.0396 Acc: 0.5738
52 Epoch val Loss: 0.0349 Acc: 0.6257
53 Epoch train Loss: 0.0395 Acc: 0.5751
53 Epoch val Loss: 0.0349 Acc: 0.6257
54 Epoch train Loss: 0.0399 Acc: 0.5737
54 Epoch val Loss: 0.0352 Acc: 0.6257
55 Epoch train Loss: 0.0405 Acc: 0.5670
55 Epoch val Loss: 0.0350 Acc: 0.6257
Epoch    55: reducing learning rate of group 0 to 7.2900e-07.
56 Epoch train Loss: 0.0403 Acc: 0.5670
56 Epoch val Loss: 0.0350 Acc: 0.6257
57 Epoch train Loss: 0.0403 Acc: 0.5629
57 Epoch val Loss: 0.0351 Acc: 0.6257
58 Epoch train Loss: 0.0400 Acc: 0.5704
58 Epoch val Loss: 0.0348 Acc: 0.6257
59 Epoch train Loss: 0.0399 Acc: 0.5757
59 Epoch val Loss: 0.0349 Acc: 0.6257
60 Epoch train Loss: 0.0406 Acc: 0.5684
60 Epoch val Loss: 0.0350 Acc: 0.6257
61 Epoch train Loss: 0.0398 Acc: 0.5708
61 Epoch val Loss: 0.0350 Acc: 0.6257
62 Epoch train Loss: 0.0398 Acc: 0.5686
62 Epoch val Loss: 0.0348 Acc: 0.6257
63 Epoch train Loss: 0.0399 Acc: 0.5698
63 Epoch val Loss: 0.0350 Acc: 0.6257
64 Epoch train Loss: 0.0405 Acc: 0.5645
64 Epoch val Loss: 0.0350 Acc: 0.6257
65 Epoch train Loss: 0.0405 Acc: 0.5668
65 Epoch val Loss: 0.0350 Acc: 0.6257
66 Epoch train Loss: 0.0404 Acc: 0.5648
66 Epoch val Loss: 0.0352 Acc: 0.6257
67 Epoch train Loss: 0.0399 Acc: 0.5724
67 Epoch val Loss: 0.0350 Acc: 0.6257
68 Epoch train Loss: 0.0403 Acc: 0.5636
68 Epoch val Loss: 0.0349 Acc: 0.6257
69 Epoch train Loss: 0.0404 Acc: 0.5609
69 Epoch val Loss: 0.0351 Acc: 0.6257
70 Epoch train Loss: 0.0402 Acc: 0.5708
70 Epoch val Loss: 0.0350 Acc: 0.6257
71 Epoch train Loss: 0.0402 Acc: 0.5688
71 Epoch val Loss: 0.0351 Acc: 0.6257
72 Epoch train Loss: 0.0399 Acc: 0.5667
72 Epoch val Loss: 0.0350 Acc: 0.6257
73 Epoch train Loss: 0.0402 Acc: 0.5669
73 Epoch val Loss: 0.0349 Acc: 0.6257
Epoch    73: reducing learning rate of group 0 to 2.1870e-07.
74 Epoch train Loss: 0.0400 Acc: 0.5673
74 Epoch val Loss: 0.0351 Acc: 0.6257
75 Epoch train Loss: 0.0403 Acc: 0.5683
75 Epoch val Loss: 0.0350 Acc: 0.6257
76 Epoch train Loss: 0.0401 Acc: 0.5705
76 Epoch val Loss: 0.0349 Acc: 0.6257
77 Epoch train Loss: 0.0399 Acc: 0.5664
77 Epoch val Loss: 0.0350 Acc: 0.6257
78 Epoch train Loss: 0.0400 Acc: 0.5688
78 Epoch val Loss: 0.0350 Acc: 0.6257
79 Epoch train Loss: 0.0394 Acc: 0.5723
79 Epoch val Loss: 0.0349 Acc: 0.6257
80 Epoch train Loss: 0.0397 Acc: 0.5760
80 Epoch val Loss: 0.0350 Acc: 0.6257
81 Epoch train Loss: 0.0402 Acc: 0.5677
81 Epoch val Loss: 0.0349 Acc: 0.6257
82 Epoch train Loss: 0.0400 Acc: 0.5722
82 Epoch val Loss: 0.0350 Acc: 0.6257
83 Epoch train Loss: 0.0400 Acc: 0.5642
83 Epoch val Loss: 0.0351 Acc: 0.6257
84 Epoch train Loss: 0.0397 Acc: 0.5693
84 Epoch val Loss: 0.0351 Acc: 0.6257
Epoch    84: reducing learning rate of group 0 to 6.5610e-08.
85 Epoch train Loss: 0.0402 Acc: 0.5686
85 Epoch val Loss: 0.0350 Acc: 0.6257
86 Epoch train Loss: 0.0397 Acc: 0.5743
86 Epoch val Loss: 0.0349 Acc: 0.6257
87 Epoch train Loss: 0.0400 Acc: 0.5683
87 Epoch val Loss: 0.0350 Acc: 0.6257
88 Epoch train Loss: 0.0402 Acc: 0.5675
88 Epoch val Loss: 0.0350 Acc: 0.6257
89 Epoch train Loss: 0.0400 Acc: 0.5658
89 Epoch val Loss: 0.0351 Acc: 0.6257
90 Epoch train Loss: 0.0404 Acc: 0.5640
90 Epoch val Loss: 0.0353 Acc: 0.6257
91 Epoch train Loss: 0.0405 Acc: 0.5600
91 Epoch val Loss: 0.0350 Acc: 0.6257
92 Epoch train Loss: 0.0401 Acc: 0.5694
92 Epoch val Loss: 0.0350 Acc: 0.6257
93 Epoch train Loss: 0.0399 Acc: 0.5661
93 Epoch val Loss: 0.0351 Acc: 0.6257
94 Epoch train Loss: 0.0399 Acc: 0.5713
94 Epoch val Loss: 0.0352 Acc: 0.6257
95 Epoch train Loss: 0.0400 Acc: 0.5685
95 Epoch val Loss: 0.0349 Acc: 0.6257
Epoch    95: reducing learning rate of group 0 to 1.9683e-08.
96 Epoch train Loss: 0.0398 Acc: 0.5747
96 Epoch val Loss: 0.0349 Acc: 0.6257
97 Epoch train Loss: 0.0400 Acc: 0.5730
97 Epoch val Loss: 0.0350 Acc: 0.6257
98 Epoch train Loss: 0.0399 Acc: 0.5728
98 Epoch val Loss: 0.0349 Acc: 0.6257

99 Epoch train Loss: 0.0406 Acc: 0.5653
99 Epoch val Loss: 0.0348 Acc: 0.6257
100 Epoch train Loss: 0.0401 Acc: 0.5675
100 Epoch val Loss: 0.0349 Acc: 0.6257
101 Epoch train Loss: 0.0398 Acc: 0.5693
101 Epoch val Loss: 0.0350 Acc: 0.6257
102 Epoch train Loss: 0.0400 Acc: 0.5680
102 Epoch val Loss: 0.0349 Acc: 0.6257
103 Epoch train Loss: 0.0402 Acc: 0.5649
103 Epoch val Loss: 0.0351 Acc: 0.6257
104 Epoch train Loss: 0.0400 Acc: 0.5679
104 Epoch val Loss: 0.0351 Acc: 0.6257
105 Epoch train Loss: 0.0400 Acc: 0.5665
105 Epoch val Loss: 0.0350 Acc: 0.6257
106 Epoch train Loss: 0.0399 Acc: 0.5732
106 Epoch val Loss: 0.0352 Acc: 0.6257
Epoch   106: reducing learning rate of group 0 to 5.9049e-09.
107 Epoch train Loss: 0.0397 Acc: 0.5725
107 Epoch val Loss: 0.0352 Acc: 0.6257
108 Epoch train Loss: 0.0402 Acc: 0.5702
108 Epoch val Loss: 0.0350 Acc: 0.6257
109 Epoch train Loss: 0.0404 Acc: 0.5653
109 Epoch val Loss: 0.0349 Acc: 0.6257
110 Epoch train Loss: 0.0399 Acc: 0.5690
110 Epoch val Loss: 0.0351 Acc: 0.6257
111 Epoch train Loss: 0.0403 Acc: 0.5702
111 Epoch val Loss: 0.0351 Acc: 0.6257
112 Epoch train Loss: 0.0402 Acc: 0.5643
112 Epoch val Loss: 0.0350 Acc: 0.6257
113 Epoch train Loss: 0.0401 Acc: 0.5662
113 Epoch val Loss: 0.0352 Acc: 0.6257
114 Epoch train Loss: 0.0399 Acc: 0.5698
114 Epoch val Loss: 0.0350 Acc: 0.6257
115 Epoch train Loss: 0.0403 Acc: 0.5685
115 Epoch val Loss: 0.0352 Acc: 0.6257
116 Epoch train Loss: 0.0400 Acc: 0.5695
116 Epoch val Loss: 0.0348 Acc: 0.6257
117 Epoch train Loss: 0.0403 Acc: 0.5621
117 Epoch val Loss: 0.0349 Acc: 0.6257
118 Epoch train Loss: 0.0399 Acc: 0.5721
118 Epoch val Loss: 0.0350 Acc: 0.6257
119 Epoch train Loss: 0.0405 Acc: 0.5635
119 Epoch val Loss: 0.0349 Acc: 0.6257
120 Epoch train Loss: 0.0399 Acc: 0.5645
120 Epoch val Loss: 0.0349 Acc: 0.6257
121 Epoch train Loss: 0.0401 Acc: 0.5671
121 Epoch val Loss: 0.0350 Acc: 0.6257
122 Epoch train Loss: 0.0402 Acc: 0.5661
122 Epoch val Loss: 0.0349 Acc: 0.6257
123 Epoch train Loss: 0.0400 Acc: 0.5697
123 Epoch val Loss: 0.0352 Acc: 0.6257
124 Epoch train Loss: 0.0400 Acc: 0.5617
124 Epoch val Loss: 0.0351 Acc: 0.6257
125 Epoch train Loss: 0.0398 Acc: 0.5766
125 Epoch val Loss: 0.0349 Acc: 0.6257
126 Epoch train Loss: 0.0400 Acc: 0.5667
126 Epoch val Loss: 0.0349 Acc: 0.6257
127 Epoch train Loss: 0.0400 Acc: 0.5731
127 Epoch val Loss: 0.0350 Acc: 0.6257
128 Epoch train Loss: 0.0400 Acc: 0.5643
128 Epoch val Loss: 0.0350 Acc: 0.6257
129 Epoch train Loss: 0.0398 Acc: 0.5751
129 Epoch val Loss: 0.0349 Acc: 0.6257
Finished Training

